# JRE version: OpenJDK Runtime Environment (8.0_252-b09) (build 1.8.0_252-8u252-b09-1~18.04-b09)
# Java VM: OpenJDK 64-Bit Server VM (25.252-b09 mixed mode linux-amd64 compressed oops)
Heap:
 PSYoungGen      total 595456K, used 239821K [0x000000076df00000, 0x000000079e100000, 0x00000007c0000000)
  eden space 564224K, 36% used [0x000000076df00000,0x000000077aab39e8,0x0000000790600000)
  from space 31232K, 99% used [0x0000000795e00000,0x0000000797c7fbd8,0x0000000797c80000)
  to   space 90112K, 0% used [0x0000000790600000,0x0000000790600000,0x0000000795e00000)
 ParOldGen       total 316416K, used 201952K [0x00000006c9c00000, 0x00000006dd100000, 0x000000076df00000)
  object space 316416K, 63% used [0x00000006c9c00000,0x00000006d6138130,0x00000006dd100000)
 Metaspace       used 81775K, capacity 92576K, committed 92712K, reserved 1130496K
  class space    used 10348K, capacity 10923K, committed 11048K, reserved 1048576K
GC Heap History (10 events):
Event: 28.963 GC heap before
{Heap before GC invocations=21 (full 3):
 PSYoungGen      total 411136K, used 404471K [0x000000076df00000, 0x000000078ce80000, 0x00000007c0000000)
  eden space 382976K, 100% used [0x000000076df00000,0x0000000785500000,0x0000000785500000)
  from space 28160K, 76% used [0x0000000785500000,0x00000007869fdc80,0x0000000787080000)
  to   space 28672K, 0% used [0x000000078b280000,0x000000078b280000,0x000000078ce80000)
 ParOldGen       total 316416K, used 44026K [0x00000006c9c00000, 0x00000006dd100000, 0x000000076df00000)
  object space 316416K, 13% used [0x00000006c9c00000,0x00000006cc6fe8a8,0x00000006dd100000)
 Metaspace       used 74743K, capacity 83680K, committed 83880K, reserved 1124352K
  class space    used 9303K, capacity 9780K, committed 9896K, reserved 1048576K
Event: 28.986 GC heap after
Heap after GC invocations=21 (full 3):
 PSYoungGen      total 476672K, used 23404K [0x000000076df00000, 0x000000078ce80000, 0x00000007c0000000)
  eden space 448000K, 0% used [0x000000076df00000,0x000000076df00000,0x0000000789480000)
  from space 28672K, 81% used [0x000000078b280000,0x000000078c95b248,0x000000078ce80000)
  to   space 29696K, 0% used [0x0000000789480000,0x0000000789480000,0x000000078b180000)
 ParOldGen       total 316416K, used 44034K [0x00000006c9c00000, 0x00000006dd100000, 0x000000076df00000)
  object space 316416K, 13% used [0x00000006c9c00000,0x00000006cc7008a8,0x00000006dd100000)
 Metaspace       used 74743K, capacity 83680K, committed 83880K, reserved 1124352K
  class space    used 9303K, capacity 9780K, committed 9896K, reserved 1048576K
}
Event: 30.751 GC heap before
{Heap before GC invocations=22 (full 3):
 PSYoungGen      total 476672K, used 471404K [0x000000076df00000, 0x000000078ce80000, 0x00000007c0000000)
  eden space 448000K, 100% used [0x000000076df00000,0x0000000789480000,0x0000000789480000)
  from space 28672K, 81% used [0x000000078b280000,0x000000078c95b248,0x000000078ce80000)
  to   space 29696K, 0% used [0x0000000789480000,0x0000000789480000,0x000000078b180000)
 ParOldGen       total 316416K, used 44034K [0x00000006c9c00000, 0x00000006dd100000, 0x000000076df00000)
  object space 316416K, 13% used [0x00000006c9c00000,0x00000006cc7008a8,0x00000006dd100000)
 Metaspace       used 74862K, capacity 83792K, committed 84136K, reserved 1124352K
  class space    used 9311K, capacity 9788K, committed 9896K, reserved 1048576K
Event: 30.779 GC heap after
Heap after GC invocations=22 (full 3):
 PSYoungGen      total 477696K, used 24353K [0x000000076df00000, 0x0000000791900000, 0x00000007c0000000)
  eden space 448000K, 0% used [0x000000076df00000,0x000000076df00000,0x0000000789480000)
  from space 29696K, 82% used [0x0000000789480000,0x000000078ac487d0,0x000000078b180000)
  to   space 30720K, 0% used [0x000000078fb00000,0x000000078fb00000,0x0000000791900000)
 ParOldGen       total 316416K, used 44042K [0x00000006c9c00000, 0x00000006dd100000, 0x000000076df00000)
  object space 316416K, 13% used [0x00000006c9c00000,0x00000006cc7028a8,0x00000006dd100000)
 Metaspace       used 74862K, capacity 83792K, committed 84136K, reserved 1124352K
  class space    used 9311K, capacity 9788K, committed 9896K, reserved 1048576K
}
Event: 32.522 GC heap before
{Heap before GC invocations=23 (full 3):
 PSYoungGen      total 477696K, used 472353K [0x000000076df00000, 0x0000000791900000, 0x00000007c0000000)
  eden space 448000K, 100% used [0x000000076df00000,0x0000000789480000,0x0000000789480000)
  from space 29696K, 82% used [0x0000000789480000,0x000000078ac487d0,0x000000078b180000)
  to   space 30720K, 0% used [0x000000078fb00000,0x000000078fb00000,0x0000000791900000)
 ParOldGen       total 316416K, used 44042K [0x00000006c9c00000, 0x00000006dd100000, 0x000000076df00000)
  object space 316416K, 13% used [0x00000006c9c00000,0x00000006cc7028a8,0x00000006dd100000)
 Metaspace       used 74970K, capacity 83920K, committed 84136K, reserved 1124352K
  class space    used 9311K, capacity 9788K, committed 9896K, reserved 1048576K
Event: 32.551 GC heap after
Heap after GC invocations=23 (full 3):
 PSYoungGen      total 551424K, used 25761K [0x000000076df00000, 0x0000000791b80000, 0x00000007c0000000)
  eden space 520704K, 0% used [0x000000076df00000,0x000000076df00000,0x000000078db80000)
  from space 30720K, 83% used [0x000000078fb00000,0x0000000791428478,0x0000000791900000)
  to   space 32256K, 0% used [0x000000078db80000,0x000000078db80000,0x000000078fb00000)
 ParOldGen       total 316416K, used 44050K [0x00000006c9c00000, 0x00000006dd100000, 0x000000076df00000)
  object space 316416K, 13% used [0x00000006c9c00000,0x00000006cc7048a8,0x00000006dd100000)
 Metaspace       used 74970K, capacity 83920K, committed 84136K, reserved 1124352K
  class space    used 9311K, capacity 9788K, committed 9896K, reserved 1048576K
}
Event: 34.393 GC heap before
{Heap before GC invocations=24 (full 3):
 PSYoungGen      total 551424K, used 546465K [0x000000076df00000, 0x0000000791b80000, 0x00000007c0000000)
  eden space 520704K, 100% used [0x000000076df00000,0x000000078db80000,0x000000078db80000)
  from space 30720K, 83% used [0x000000078fb00000,0x0000000791428478,0x0000000791900000)
  to   space 32256K, 0% used [0x000000078db80000,0x000000078db80000,0x000000078fb00000)
 ParOldGen       total 316416K, used 44050K [0x00000006c9c00000, 0x00000006dd100000, 0x000000076df00000)
  object space 316416K, 13% used [0x00000006c9c00000,0x00000006cc7048a8,0x00000006dd100000)
 Metaspace       used 75395K, capacity 84504K, committed 84648K, reserved 1124352K
  class space    used 9388K, capacity 9865K, committed 9896K, reserved 1048576K
Event: 34.476 GC heap after
Heap after GC invocations=24 (full 3):
 PSYoungGen      total 552960K, used 20219K [0x000000076df00000, 0x0000000797c80000, 0x00000007c0000000)
  eden space 520704K, 0% used [0x000000076df00000,0x000000076df00000,0x000000078db80000)
  from space 32256K, 62% used [0x000000078db80000,0x000000078ef3edd0,0x000000078fb00000)
  to   space 31232K, 0% used [0x0000000795e00000,0x0000000795e00000,0x0000000797c80000)
 ParOldGen       total 316416K, used 51297K [0x00000006c9c00000, 0x00000006dd100000, 0x000000076df00000)
  object space 316416K, 16% used [0x00000006c9c00000,0x00000006cce187c8,0x00000006dd100000)
 Metaspace       used 75395K, capacity 84504K, committed 84648K, reserved 1124352K
  class space    used 9388K, capacity 9865K, committed 9896K, reserved 1048576K
}
Event: 6514.433 GC heap before
{Heap before GC invocations=25 (full 3):
 PSYoungGen      total 552960K, used 540923K [0x000000076df00000, 0x0000000797c80000, 0x00000007c0000000)
  eden space 520704K, 100% used [0x000000076df00000,0x000000078db80000,0x000000078db80000)
  from space 32256K, 62% used [0x000000078db80000,0x000000078ef3edd0,0x000000078fb00000)
  to   space 31232K, 0% used [0x0000000795e00000,0x0000000795e00000,0x0000000797c80000)
 ParOldGen       total 316416K, used 51297K [0x00000006c9c00000, 0x00000006dd100000, 0x000000076df00000)
  object space 316416K, 16% used [0x00000006c9c00000,0x00000006cce187c8,0x00000006dd100000)
 Metaspace       used 81700K, capacity 92482K, committed 92584K, reserved 1130496K
  class space    used 10339K, capacity 10918K, committed 10920K, reserved 1048576K
Event: 6514.483 GC heap after
Heap after GC invocations=25 (full 3):
 PSYoungGen      total 595456K, used 31230K [0x000000076df00000, 0x000000079e100000, 0x00000007c0000000)
  eden space 564224K, 0% used [0x000000076df00000,0x000000076df00000,0x0000000790600000)
  from space 31232K, 99% used [0x0000000795e00000,0x0000000797c7fbd8,0x0000000797c80000)
  to   space 90112K, 0% used [0x0000000790600000,0x0000000790600000,0x0000000795e00000)
 ParOldGen       total 316416K, used 201952K [0x00000006c9c00000, 0x00000006dd100000, 0x000000076df00000)
  object space 316416K, 63% used [0x00000006c9c00000,0x00000006d6138130,0x00000006dd100000)
 Metaspace       used 81700K, capacity 92482K, committed 92584K, reserved 1130496K
  class space    used 10339K, capacity 10918K, committed 10920K, reserved 1048576K
}

